<?xml version="1.0" encoding="UTF-8"?>
<testng-results ignored="0" total="2" passed="1" failed="1" skipped="0">
  <reporter-output>
    <line>
      <![CDATA[=====Browser Session Started=====]]>
    </line>
    <line>
      <![CDATA[=====Application Started=====]]>
    </line>
    <line>
      <![CDATA[enter username]]>
    </line>
    <line>
      <![CDATA[enter password ]]>
    </line>
    <line>
      <![CDATA[click signin button]]>
    </line>
    <line>
      <![CDATA[=====Browser Session End=====]]>
    </line>
  </reporter-output>
  <suite started-at="2023-07-17T10:05:42 IST" name="Default suite" finished-at="2023-07-17T10:06:26 IST" duration-ms="44027">
    <groups>
    </groups>
    <test started-at="2023-07-17T10:05:42 IST" name="Default test" finished-at="2023-07-17T10:06:26 IST" duration-ms="44027">
      <class name="testcases.Trail_Turnout">
        <test-method is-config="true" signature="setup()[pri:0, instance:testcases.Trail_Turnout@30e868be]" started-at="2023-07-17T10:05:39 IST" name="setup" finished-at="2023-07-17T10:05:42 IST" duration-ms="3497" status="PASS">
          <reporter-output>
            <line>
              <![CDATA[=====Browser Session Started=====]]>
            </line>
            <line>
              <![CDATA[=====Application Started=====]]>
            </line>
          </reporter-output>
        </test-method> <!-- setup -->
        <test-method signature="LOGIN()[pri:1, instance:testcases.Trail_Turnout@30e868be]" started-at="2023-07-17T10:05:42 IST" name="LOGIN" finished-at="2023-07-17T10:05:57 IST" duration-ms="14574" status="PASS">
          <reporter-output>
            <line>
              <![CDATA[enter username]]>
            </line>
            <line>
              <![CDATA[enter password ]]>
            </line>
            <line>
              <![CDATA[click signin button]]>
            </line>
          </reporter-output>
        </test-method> <!-- LOGIN -->
        <test-method signature="employee()[pri:2, instance:testcases.Trail_Turnout@30e868be]" started-at="2023-07-17T10:05:57 IST" name="employee" finished-at="2023-07-17T10:06:26 IST" duration-ms="29371" status="FAIL">
          <exception class="org.openqa.selenium.ElementClickInterceptedException">
            <message>
              <![CDATA[element click intercepted: Element <a class="MuiButtonBase-root MuiListItem-root MuiMenuItem-root jss39 MuiMenuItem-gutters MuiListItem-gutters MuiListItem-button jss40" tabindex="-1" role="menuitem" aria-disabled="false" href="/employees" aria-current="page">...</a> is not clickable at point (130, 550). Other element would receive the click: <div aria-hidden="true" style="z-index: -1; position: fixed; inset: 0px; background-color: transparent; -webkit-tap-highlight-color: transparent;"></div>
  (Session info: chrome=114.0.5735.198)
Build info: version: '4.8.1', revision: '8ebccac989'
System info: os.name: 'Linux', os.arch: 'amd64', os.version: '5.4.0-150-generic', java.version: '17.0.6'
Driver info: org.openqa.selenium.chrome.ChromeDriver
Command: [39a230940f37699982f4cf28c7d28296, clickElement {id=2E9D4EBEAF95BCC4CAD1779B6EE9488D_element_42}]
Capabilities {acceptInsecureCerts: false, browserName: chrome, browserVersion: 114.0.5735.198, chrome: {chromedriverVersion: 114.0.5735.90 (386bc09e8f4f..., userDataDir: /tmp/.com.google.Chrome.KE2ebr}, goog:chromeOptions: {debuggerAddress: localhost:41789}, networkConnectionEnabled: false, pageLoadStrategy: normal, platformName: LINUX, proxy: Proxy(), se:cdp: ws://localhost:41789/devtoo..., se:cdpVersion: 114.0.5735.198, setWindowRect: true, strictFileInteractability: false, timeouts: {implicit: 0, pageLoad: 300000, script: 30000}, unhandledPromptBehavior: dismiss and notify, webauthn:extension:credBlob: true, webauthn:extension:largeBlob: true, webauthn:extension:minPinLength: true, webauthn:extension:prf: true, webauthn:virtualAuthenticators: true}
Element: [[ChromeDriver: chrome on LINUX (39a230940f37699982f4cf28c7d28296)] -> xpath: //*[text()='Employee']]
Session ID: 39a230940f37699982f4cf28c7d28296]]>
            </message>
            <full-stacktrace>
              <![CDATA[org.openqa.selenium.ElementClickInterceptedException: element click intercepted: Element <a class="MuiButtonBase-root MuiListItem-root MuiMenuItem-root jss39 MuiMenuItem-gutters MuiListItem-gutters MuiListItem-button jss40" tabindex="-1" role="menuitem" aria-disabled="false" href="/employees" aria-current="page">...</a> is not clickable at point (130, 550). Other element would receive the click: <div aria-hidden="true" style="z-index: -1; position: fixed; inset: 0px; background-color: transparent; -webkit-tap-highlight-color: transparent;"></div>
  (Session info: chrome=114.0.5735.198)
Build info: version: '4.8.1', revision: '8ebccac989'
System info: os.name: 'Linux', os.arch: 'amd64', os.version: '5.4.0-150-generic', java.version: '17.0.6'
Driver info: org.openqa.selenium.chrome.ChromeDriver
Command: [39a230940f37699982f4cf28c7d28296, clickElement {id=2E9D4EBEAF95BCC4CAD1779B6EE9488D_element_42}]
Capabilities {acceptInsecureCerts: false, browserName: chrome, browserVersion: 114.0.5735.198, chrome: {chromedriverVersion: 114.0.5735.90 (386bc09e8f4f..., userDataDir: /tmp/.com.google.Chrome.KE2ebr}, goog:chromeOptions: {debuggerAddress: localhost:41789}, networkConnectionEnabled: false, pageLoadStrategy: normal, platformName: LINUX, proxy: Proxy(), se:cdp: ws://localhost:41789/devtoo..., se:cdpVersion: 114.0.5735.198, setWindowRect: true, strictFileInteractability: false, timeouts: {implicit: 0, pageLoad: 300000, script: 30000}, unhandledPromptBehavior: dismiss and notify, webauthn:extension:credBlob: true, webauthn:extension:largeBlob: true, webauthn:extension:minPinLength: true, webauthn:extension:prf: true, webauthn:virtualAuthenticators: true}
Element: [[ChromeDriver: chrome on LINUX (39a230940f37699982f4cf28c7d28296)] -> xpath: //*[text()='Employee']]
Session ID: 39a230940f37699982f4cf28c7d28296
at java.base/jdk.internal.reflect.NativeConstructorAccessorImpl.newInstance0(Native Method)
at java.base/jdk.internal.reflect.NativeConstructorAccessorImpl.newInstance(NativeConstructorAccessorImpl.java:77)
at java.base/jdk.internal.reflect.DelegatingConstructorAccessorImpl.newInstance(DelegatingConstructorAccessorImpl.java:45)
at java.base/java.lang.reflect.Constructor.newInstanceWithCaller(Constructor.java:499)
at java.base/java.lang.reflect.Constructor.newInstance(Constructor.java:480)
at org.openqa.selenium.remote.codec.w3c.W3CHttpResponseCodec.createException(W3CHttpResponseCodec.java:200)
at org.openqa.selenium.remote.codec.w3c.W3CHttpResponseCodec.decode(W3CHttpResponseCodec.java:133)
at org.openqa.selenium.remote.codec.w3c.W3CHttpResponseCodec.decode(W3CHttpResponseCodec.java:53)
at org.openqa.selenium.remote.HttpCommandExecutor.execute(HttpCommandExecutor.java:184)
at org.openqa.selenium.remote.service.DriverCommandExecutor.invokeExecute(DriverCommandExecutor.java:167)
at org.openqa.selenium.remote.service.DriverCommandExecutor.execute(DriverCommandExecutor.java:142)
at org.openqa.selenium.remote.RemoteWebDriver.execute(RemoteWebDriver.java:543)
at org.openqa.selenium.remote.RemoteWebElement.execute(RemoteWebElement.java:257)
at org.openqa.selenium.remote.RemoteWebElement.click(RemoteWebElement.java:78)
at testcases.Trail_Turnout.employee(Trail_Turnout.java:240)
at java.base/jdk.internal.reflect.NativeMethodAccessorImpl.invoke0(Native Method)
at java.base/jdk.internal.reflect.NativeMethodAccessorImpl.invoke(NativeMethodAccessorImpl.java:77)
at java.base/jdk.internal.reflect.DelegatingMethodAccessorImpl.invoke(DelegatingMethodAccessorImpl.java:43)
at java.base/java.lang.reflect.Method.invoke(Method.java:568)
at org.testng.internal.invokers.MethodInvocationHelper.invokeMethod(MethodInvocationHelper.java:139)
at org.testng.internal.invokers.TestInvoker.invokeMethod(TestInvoker.java:677)
at org.testng.internal.invokers.TestInvoker.invokeTestMethod(TestInvoker.java:221)
at org.testng.internal.invokers.MethodRunner.runInSequence(MethodRunner.java:50)
at org.testng.internal.invokers.TestInvoker$MethodInvocationAgent.invoke(TestInvoker.java:969)
at org.testng.internal.invokers.TestInvoker.invokeTestMethods(TestInvoker.java:194)
at org.testng.internal.invokers.TestMethodWorker.invokeTestMethods(TestMethodWorker.java:148)
at org.testng.internal.invokers.TestMethodWorker.run(TestMethodWorker.java:128)
at java.base/java.util.ArrayList.forEach(ArrayList.java:1511)
at org.testng.TestRunner.privateRun(TestRunner.java:829)
at org.testng.TestRunner.run(TestRunner.java:602)
at org.testng.SuiteRunner.runTest(SuiteRunner.java:437)
at org.testng.SuiteRunner.runSequentially(SuiteRunner.java:431)
at org.testng.SuiteRunner.privateRun(SuiteRunner.java:391)
at org.testng.SuiteRunner.run(SuiteRunner.java:330)
at org.testng.SuiteRunnerWorker.runSuite(SuiteRunnerWorker.java:52)
at org.testng.SuiteRunnerWorker.run(SuiteRunnerWorker.java:95)
at org.testng.TestNG.runSuitesSequentially(TestNG.java:1256)
at org.testng.TestNG.runSuitesLocally(TestNG.java:1176)
at org.testng.TestNG.runSuites(TestNG.java:1099)
at org.testng.TestNG.run(TestNG.java:1067)
at org.testng.remote.AbstractRemoteTestNG.run(AbstractRemoteTestNG.java:115)
at org.testng.remote.RemoteTestNG.initAndRun(RemoteTestNG.java:251)
at org.testng.remote.RemoteTestNG.main(RemoteTestNG.java:77)
]]>
            </full-stacktrace>
          </exception> <!-- org.openqa.selenium.ElementClickInterceptedException -->
          <reporter-output>
          </reporter-output>
        </test-method> <!-- employee -->
        <test-method is-config="true" signature="closeApplication()[pri:0, instance:testcases.Trail_Turnout@30e868be]" started-at="2023-07-17T10:06:26 IST" name="closeApplication" finished-at="2023-07-17T10:06:36 IST" duration-ms="10001" status="PASS">
          <reporter-output>
            <line>
              <![CDATA[=====Browser Session End=====]]>
            </line>
          </reporter-output>
        </test-method> <!-- closeApplication -->
      </class> <!-- testcases.Trail_Turnout -->
    </test> <!-- Default test -->
  </suite> <!-- Default suite -->
</testng-results>
